<?xml version="1.0" encoding="UTF-8"?>
<testsuite xmlns:xsi="http://www.w3.org/2001/XMLSchema-instance" xsi:noNamespaceSchemaLocation="https://maven.apache.org/surefire/maven-surefire-plugin/xsd/surefire-test-report.xsd" name="alfatecsistemas.tdgov.gestionsede.DemoApplicationTests" time="8.432" tests="1" errors="0" skipped="0" failures="0">
  <properties>
    <property name="sun.desktop" value="windows"/>
    <property name="awt.toolkit" value="sun.awt.windows.WToolkit"/>
    <property name="file.encoding.pkg" value="sun.io"/>
    <property name="java.specification.version" value="1.8"/>
    <property name="sun.cpu.isalist" value="amd64"/>
    <property name="sun.jnu.encoding" value="Cp1252"/>
    <property name="java.class.path" value="c:\Users\eferrando\Documents\VSCWorkspaces\gestionsede\target\test-classes;c:\Users\eferrando\Documents\VSCWorkspaces\gestionsede\target\classes;C:\Users\eferrando\.m2\repository\org\springframework\boot\spring-boot-starter-data-ldap\2.1.6.BUILD-SNAPSHOT\spring-boot-starter-data-ldap-2.1.6.BUILD-SNAPSHOT.jar;C:\Users\eferrando\.m2\repository\org\springframework\boot\spring-boot-starter\2.1.6.BUILD-SNAPSHOT\spring-boot-starter-2.1.6.BUILD-SNAPSHOT.jar;C:\Users\eferrando\.m2\repository\org\springframework\boot\spring-boot-starter-logging\2.1.6.BUILD-SNAPSHOT\spring-boot-starter-logging-2.1.6.BUILD-SNAPSHOT.jar;C:\Users\eferrando\.m2\repository\ch\qos\logback\logback-classic\1.2.3\logback-classic-1.2.3.jar;C:\Users\eferrando\.m2\repository\ch\qos\logback\logback-core\1.2.3\logback-core-1.2.3.jar;C:\Users\eferrando\.m2\repository\org\apache\logging\log4j\log4j-to-slf4j\2.11.2\log4j-to-slf4j-2.11.2.jar;C:\Users\eferrando\.m2\repository\org\apache\logging\log4j\log4j-api\2.11.2\log4j-api-2.11.2.jar;C:\Users\eferrando\.m2\repository\org\slf4j\jul-to-slf4j\1.7.26\jul-to-slf4j-1.7.26.jar;C:\Users\eferrando\.m2\repository\javax\annotation\javax.annotation-api\1.3.2\javax.annotation-api-1.3.2.jar;C:\Users\eferrando\.m2\repository\org\yaml\snakeyaml\1.23\snakeyaml-1.23.jar;C:\Users\eferrando\.m2\repository\org\springframework\data\spring-data-ldap\2.1.9.RELEASE\spring-data-ldap-2.1.9.RELEASE.jar;C:\Users\eferrando\.m2\repository\org\springframework\spring-context\5.1.8.RELEASE\spring-context-5.1.8.RELEASE.jar;C:\Users\eferrando\.m2\repository\org\springframework\ldap\spring-ldap-core\2.3.2.RELEASE\spring-ldap-core-2.3.2.RELEASE.jar;C:\Users\eferrando\.m2\repository\org\springframework\spring-tx\5.1.8.RELEASE\spring-tx-5.1.8.RELEASE.jar;C:\Users\eferrando\.m2\repository\org\springframework\data\spring-data-commons\2.1.9.RELEASE\spring-data-commons-2.1.9.RELEASE.jar;C:\Users\eferrando\.m2\repository\org\slf4j\slf4j-api\1.7.26\slf4j-api-1.7.26.jar;C:\Users\eferrando\.m2\repository\org\springframework\boot\spring-boot-starter-jersey\2.1.6.BUILD-SNAPSHOT\spring-boot-starter-jersey-2.1.6.BUILD-SNAPSHOT.jar;C:\Users\eferrando\.m2\repository\org\springframework\boot\spring-boot-starter-json\2.1.6.BUILD-SNAPSHOT\spring-boot-starter-json-2.1.6.BUILD-SNAPSHOT.jar;C:\Users\eferrando\.m2\repository\com\fasterxml\jackson\core\jackson-databind\2.9.9\jackson-databind-2.9.9.jar;C:\Users\eferrando\.m2\repository\com\fasterxml\jackson\core\jackson-core\2.9.9\jackson-core-2.9.9.jar;C:\Users\eferrando\.m2\repository\com\fasterxml\jackson\datatype\jackson-datatype-jdk8\2.9.9\jackson-datatype-jdk8-2.9.9.jar;C:\Users\eferrando\.m2\repository\com\fasterxml\jackson\datatype\jackson-datatype-jsr310\2.9.9\jackson-datatype-jsr310-2.9.9.jar;C:\Users\eferrando\.m2\repository\com\fasterxml\jackson\module\jackson-module-parameter-names\2.9.9\jackson-module-parameter-names-2.9.9.jar;C:\Users\eferrando\.m2\repository\org\springframework\boot\spring-boot-starter-tomcat\2.1.6.BUILD-SNAPSHOT\spring-boot-starter-tomcat-2.1.6.BUILD-SNAPSHOT.jar;C:\Users\eferrando\.m2\repository\org\apache\tomcat\embed\tomcat-embed-core\9.0.21\tomcat-embed-core-9.0.21.jar;C:\Users\eferrando\.m2\repository\org\apache\tomcat\embed\tomcat-embed-el\9.0.21\tomcat-embed-el-9.0.21.jar;C:\Users\eferrando\.m2\repository\org\apache\tomcat\embed\tomcat-embed-websocket\9.0.21\tomcat-embed-websocket-9.0.21.jar;C:\Users\eferrando\.m2\repository\org\springframework\boot\spring-boot-starter-validation\2.1.6.BUILD-SNAPSHOT\spring-boot-starter-validation-2.1.6.BUILD-SNAPSHOT.jar;C:\Users\eferrando\.m2\repository\org\springframework\spring-web\5.1.8.RELEASE\spring-web-5.1.8.RELEASE.jar;C:\Users\eferrando\.m2\repository\org\springframework\spring-beans\5.1.8.RELEASE\spring-beans-5.1.8.RELEASE.jar;C:\Users\eferrando\.m2\repository\org\glassfish\jersey\core\jersey-server\2.27\jersey-server-2.27.jar;C:\Users\eferrando\.m2\repository\org\glassfish\jersey\core\jersey-common\2.27\jersey-common-2.27.jar;C:\Users\eferrando\.m2\repository\org\glassfish\hk2\osgi-resource-locator\1.0.1\osgi-resource-locator-1.0.1.jar;C:\Users\eferrando\.m2\repository\org\glassfish\jersey\core\jersey-client\2.27\jersey-client-2.27.jar;C:\Users\eferrando\.m2\repository\javax\ws\rs\javax.ws.rs-api\2.1\javax.ws.rs-api-2.1.jar;C:\Users\eferrando\.m2\repository\org\glassfish\jersey\media\jersey-media-jaxb\2.27\jersey-media-jaxb-2.27.jar;C:\Users\eferrando\.m2\repository\javax\validation\validation-api\2.0.1.Final\validation-api-2.0.1.Final.jar;C:\Users\eferrando\.m2\repository\org\glassfish\jersey\containers\jersey-container-servlet-core\2.27\jersey-container-servlet-core-2.27.jar;C:\Users\eferrando\.m2\repository\org\glassfish\jersey\containers\jersey-container-servlet\2.27\jersey-container-servlet-2.27.jar;C:\Users\eferrando\.m2\repository\org\glassfish\jersey\ext\jersey-bean-validation\2.27\jersey-bean-validation-2.27.jar;C:\Users\eferrando\.m2\repository\org\glassfish\jersey\ext\jersey-spring4\2.27\jersey-spring4-2.27.jar;C:\Users\eferrando\.m2\repository\org\glassfish\jersey\inject\jersey-hk2\2.27\jersey-hk2-2.27.jar;C:\Users\eferrando\.m2\repository\org\glassfish\hk2\hk2-locator\2.5.0-b42\hk2-locator-2.5.0-b42.jar;C:\Users\eferrando\.m2\repository\org\glassfish\hk2\external\aopalliance-repackaged\2.5.0-b42\aopalliance-repackaged-2.5.0-b42.jar;C:\Users\eferrando\.m2\repository\org\javassist\javassist\3.22.0-CR2\javassist-3.22.0-CR2.jar;C:\Users\eferrando\.m2\repository\org\glassfish\hk2\hk2\2.5.0-b42\hk2-2.5.0-b42.jar;C:\Users\eferrando\.m2\repository\org\glassfish\hk2\hk2-utils\2.5.0-b42\hk2-utils-2.5.0-b42.jar;C:\Users\eferrando\.m2\repository\javax\inject\javax.inject\1\javax.inject-1.jar;C:\Users\eferrando\.m2\repository\org\glassfish\hk2\hk2-api\2.5.0-b42\hk2-api-2.5.0-b42.jar;C:\Users\eferrando\.m2\repository\org\glassfish\hk2\config-types\2.5.0-b42\config-types-2.5.0-b42.jar;C:\Users\eferrando\.m2\repository\org\glassfish\hk2\hk2-core\2.5.0-b42\hk2-core-2.5.0-b42.jar;C:\Users\eferrando\.m2\repository\org\glassfish\hk2\hk2-config\2.5.0-b42\hk2-config-2.5.0-b42.jar;C:\Users\eferrando\.m2\repository\org\glassfish\hk2\hk2-runlevel\2.5.0-b42\hk2-runlevel-2.5.0-b42.jar;C:\Users\eferrando\.m2\repository\org\glassfish\hk2\class-model\2.5.0-b42\class-model-2.5.0-b42.jar;C:\Users\eferrando\.m2\repository\org\glassfish\hk2\external\asm-all-repackaged\2.5.0-b42\asm-all-repackaged-2.5.0-b42.jar;C:\Users\eferrando\.m2\repository\org\glassfish\hk2\spring-bridge\2.5.0-b42\spring-bridge-2.5.0-b42.jar;C:\Users\eferrando\.m2\repository\org\springframework\spring-aop\5.1.8.RELEASE\spring-aop-5.1.8.RELEASE.jar;C:\Users\eferrando\.m2\repository\org\glassfish\jersey\media\jersey-media-json-jackson\2.27\jersey-media-json-jackson-2.27.jar;C:\Users\eferrando\.m2\repository\org\glassfish\jersey\ext\jersey-entity-filtering\2.27\jersey-entity-filtering-2.27.jar;C:\Users\eferrando\.m2\repository\com\fasterxml\jackson\core\jackson-annotations\2.9.0\jackson-annotations-2.9.0.jar;C:\Users\eferrando\.m2\repository\com\fasterxml\jackson\module\jackson-module-jaxb-annotations\2.9.9\jackson-module-jaxb-annotations-2.9.9.jar;C:\Users\eferrando\.m2\repository\javax\xml\bind\jaxb-api\2.3.1\jaxb-api-2.3.1.jar;C:\Users\eferrando\.m2\repository\javax\activation\javax.activation-api\1.2.0\javax.activation-api-1.2.0.jar;C:\Users\eferrando\.m2\repository\org\springframework\boot\spring-boot-starter-mustache\2.1.6.BUILD-SNAPSHOT\spring-boot-starter-mustache-2.1.6.BUILD-SNAPSHOT.jar;C:\Users\eferrando\.m2\repository\com\samskivert\jmustache\1.14\jmustache-1.14.jar;C:\Users\eferrando\.m2\repository\org\springframework\boot\spring-boot-starter-thymeleaf\2.1.6.BUILD-SNAPSHOT\spring-boot-starter-thymeleaf-2.1.6.BUILD-SNAPSHOT.jar;C:\Users\eferrando\.m2\repository\org\thymeleaf\thymeleaf-spring5\3.0.11.RELEASE\thymeleaf-spring5-3.0.11.RELEASE.jar;C:\Users\eferrando\.m2\repository\org\thymeleaf\thymeleaf\3.0.11.RELEASE\thymeleaf-3.0.11.RELEASE.jar;C:\Users\eferrando\.m2\repository\org\attoparser\attoparser\2.0.5.RELEASE\attoparser-2.0.5.RELEASE.jar;C:\Users\eferrando\.m2\repository\org\unbescape\unbescape\1.1.6.RELEASE\unbescape-1.1.6.RELEASE.jar;C:\Users\eferrando\.m2\repository\org\thymeleaf\extras\thymeleaf-extras-java8time\3.0.4.RELEASE\thymeleaf-extras-java8time-3.0.4.RELEASE.jar;C:\Users\eferrando\.m2\repository\org\springframework\boot\spring-boot-starter-web\2.1.6.BUILD-SNAPSHOT\spring-boot-starter-web-2.1.6.BUILD-SNAPSHOT.jar;C:\Users\eferrando\.m2\repository\org\hibernate\validator\hibernate-validator\6.0.17.Final\hibernate-validator-6.0.17.Final.jar;C:\Users\eferrando\.m2\repository\org\jboss\logging\jboss-logging\3.3.2.Final\jboss-logging-3.3.2.Final.jar;C:\Users\eferrando\.m2\repository\com\fasterxml\classmate\1.4.0\classmate-1.4.0.jar;C:\Users\eferrando\.m2\repository\org\springframework\spring-webmvc\5.1.8.RELEASE\spring-webmvc-5.1.8.RELEASE.jar;C:\Users\eferrando\.m2\repository\org\springframework\spring-expression\5.1.8.RELEASE\spring-expression-5.1.8.RELEASE.jar;C:\Users\eferrando\.m2\repository\org\springframework\boot\spring-boot-devtools\2.1.6.BUILD-SNAPSHOT\spring-boot-devtools-2.1.6.BUILD-SNAPSHOT.jar;C:\Users\eferrando\.m2\repository\org\springframework\boot\spring-boot\2.1.6.BUILD-SNAPSHOT\spring-boot-2.1.6.BUILD-SNAPSHOT.jar;C:\Users\eferrando\.m2\repository\org\springframework\boot\spring-boot-autoconfigure\2.1.6.BUILD-SNAPSHOT\spring-boot-autoconfigure-2.1.6.BUILD-SNAPSHOT.jar;C:\Users\eferrando\.m2\repository\org\springframework\boot\spring-boot-starter-test\2.1.6.BUILD-SNAPSHOT\spring-boot-starter-test-2.1.6.BUILD-SNAPSHOT.jar;C:\Users\eferrando\.m2\repository\org\springframework\boot\spring-boot-test\2.1.6.BUILD-SNAPSHOT\spring-boot-test-2.1.6.BUILD-SNAPSHOT.jar;C:\Users\eferrando\.m2\repository\org\springframework\boot\spring-boot-test-autoconfigure\2.1.6.BUILD-SNAPSHOT\spring-boot-test-autoconfigure-2.1.6.BUILD-SNAPSHOT.jar;C:\Users\eferrando\.m2\repository\com\jayway\jsonpath\json-path\2.4.0\json-path-2.4.0.jar;C:\Users\eferrando\.m2\repository\net\minidev\json-smart\2.3\json-smart-2.3.jar;C:\Users\eferrando\.m2\repository\net\minidev\accessors-smart\1.2\accessors-smart-1.2.jar;C:\Users\eferrando\.m2\repository\org\ow2\asm\asm\5.0.4\asm-5.0.4.jar;C:\Users\eferrando\.m2\repository\junit\junit\4.12\junit-4.12.jar;C:\Users\eferrando\.m2\repository\org\assertj\assertj-core\3.11.1\assertj-core-3.11.1.jar;C:\Users\eferrando\.m2\repository\org\mockito\mockito-core\2.23.4\mockito-core-2.23.4.jar;C:\Users\eferrando\.m2\repository\net\bytebuddy\byte-buddy\1.9.13\byte-buddy-1.9.13.jar;C:\Users\eferrando\.m2\repository\net\bytebuddy\byte-buddy-agent\1.9.13\byte-buddy-agent-1.9.13.jar;C:\Users\eferrando\.m2\repository\org\objenesis\objenesis\2.6\objenesis-2.6.jar;C:\Users\eferrando\.m2\repository\org\hamcrest\hamcrest-core\1.3\hamcrest-core-1.3.jar;C:\Users\eferrando\.m2\repository\org\hamcrest\hamcrest-library\1.3\hamcrest-library-1.3.jar;C:\Users\eferrando\.m2\repository\org\skyscreamer\jsonassert\1.5.0\jsonassert-1.5.0.jar;C:\Users\eferrando\.m2\repository\com\vaadin\external\google\android-json\0.0.20131108.vaadin1\android-json-0.0.20131108.vaadin1.jar;C:\Users\eferrando\.m2\repository\org\springframework\spring-core\5.1.8.RELEASE\spring-core-5.1.8.RELEASE.jar;C:\Users\eferrando\.m2\repository\org\springframework\spring-jcl\5.1.8.RELEASE\spring-jcl-5.1.8.RELEASE.jar;C:\Users\eferrando\.m2\repository\org\springframework\spring-test\5.1.8.RELEASE\spring-test-5.1.8.RELEASE.jar;C:\Users\eferrando\.m2\repository\org\xmlunit\xmlunit-core\2.6.2\xmlunit-core-2.6.2.jar;C:\Users\eferrando\.m2\repository\org\json\json\20180813\json-20180813.jar;C:\Users\eferrando\.m2\repository\com\squareup\okhttp3\okhttp\4.0.0-alpha02\okhttp-4.0.0-alpha02.jar;C:\Users\eferrando\.m2\repository\com\squareup\okio\okio\2.2.2\okio-2.2.2.jar;C:\Users\eferrando\.m2\repository\org\jetbrains\kotlin\kotlin-stdlib\1.2.71\kotlin-stdlib-1.2.71.jar;C:\Users\eferrando\.m2\repository\org\jetbrains\kotlin\kotlin-stdlib-common\1.2.71\kotlin-stdlib-common-1.2.71.jar;C:\Users\eferrando\.m2\repository\org\jetbrains\annotations\13.0\annotations-13.0.jar;C:\Users\eferrando\.m2\repository\com\google\code\gson\gson\2.8.5\gson-2.8.5.jar;"/>
    <property name="java.vm.vendor" value="Oracle Corporation"/>
    <property name="sun.arch.data.model" value="64"/>
    <property name="user.variant" value=""/>
    <property name="java.vendor.url" value="http://java.oracle.com/"/>
    <property name="user.timezone" value="Europe/Berlin"/>
    <property name="java.vm.specification.version" value="1.8"/>
    <property name="os.name" value="Windows 10"/>
    <property name="user.country" value="ES"/>
    <property name="sun.java.launcher" value="SUN_STANDARD"/>
    <property name="sun.boot.library.path" value="C:\Program Files\Java\jdk1.8.0_181\jre\bin"/>
    <property name="sun.java.command" value="C:\Users\EFERRA~1\AppData\Local\Temp\surefire910800874811361897\surefirebooter5217586592174772217.jar C:\Users\eferrando\AppData\Local\Temp\surefire910800874811361897 2019-07-12T10-24-43_008-jvmRun1 surefire1305168905273362221tmp surefire_05044529429473212215tmp"/>
    <property name="surefire.test.class.path" value="c:\Users\eferrando\Documents\VSCWorkspaces\gestionsede\target\test-classes;c:\Users\eferrando\Documents\VSCWorkspaces\gestionsede\target\classes;C:\Users\eferrando\.m2\repository\org\springframework\boot\spring-boot-starter-data-ldap\2.1.6.BUILD-SNAPSHOT\spring-boot-starter-data-ldap-2.1.6.BUILD-SNAPSHOT.jar;C:\Users\eferrando\.m2\repository\org\springframework\boot\spring-boot-starter\2.1.6.BUILD-SNAPSHOT\spring-boot-starter-2.1.6.BUILD-SNAPSHOT.jar;C:\Users\eferrando\.m2\repository\org\springframework\boot\spring-boot-starter-logging\2.1.6.BUILD-SNAPSHOT\spring-boot-starter-logging-2.1.6.BUILD-SNAPSHOT.jar;C:\Users\eferrando\.m2\repository\ch\qos\logback\logback-classic\1.2.3\logback-classic-1.2.3.jar;C:\Users\eferrando\.m2\repository\ch\qos\logback\logback-core\1.2.3\logback-core-1.2.3.jar;C:\Users\eferrando\.m2\repository\org\apache\logging\log4j\log4j-to-slf4j\2.11.2\log4j-to-slf4j-2.11.2.jar;C:\Users\eferrando\.m2\repository\org\apache\logging\log4j\log4j-api\2.11.2\log4j-api-2.11.2.jar;C:\Users\eferrando\.m2\repository\org\slf4j\jul-to-slf4j\1.7.26\jul-to-slf4j-1.7.26.jar;C:\Users\eferrando\.m2\repository\javax\annotation\javax.annotation-api\1.3.2\javax.annotation-api-1.3.2.jar;C:\Users\eferrando\.m2\repository\org\yaml\snakeyaml\1.23\snakeyaml-1.23.jar;C:\Users\eferrando\.m2\repository\org\springframework\data\spring-data-ldap\2.1.9.RELEASE\spring-data-ldap-2.1.9.RELEASE.jar;C:\Users\eferrando\.m2\repository\org\springframework\spring-context\5.1.8.RELEASE\spring-context-5.1.8.RELEASE.jar;C:\Users\eferrando\.m2\repository\org\springframework\ldap\spring-ldap-core\2.3.2.RELEASE\spring-ldap-core-2.3.2.RELEASE.jar;C:\Users\eferrando\.m2\repository\org\springframework\spring-tx\5.1.8.RELEASE\spring-tx-5.1.8.RELEASE.jar;C:\Users\eferrando\.m2\repository\org\springframework\data\spring-data-commons\2.1.9.RELEASE\spring-data-commons-2.1.9.RELEASE.jar;C:\Users\eferrando\.m2\repository\org\slf4j\slf4j-api\1.7.26\slf4j-api-1.7.26.jar;C:\Users\eferrando\.m2\repository\org\springframework\boot\spring-boot-starter-jersey\2.1.6.BUILD-SNAPSHOT\spring-boot-starter-jersey-2.1.6.BUILD-SNAPSHOT.jar;C:\Users\eferrando\.m2\repository\org\springframework\boot\spring-boot-starter-json\2.1.6.BUILD-SNAPSHOT\spring-boot-starter-json-2.1.6.BUILD-SNAPSHOT.jar;C:\Users\eferrando\.m2\repository\com\fasterxml\jackson\core\jackson-databind\2.9.9\jackson-databind-2.9.9.jar;C:\Users\eferrando\.m2\repository\com\fasterxml\jackson\core\jackson-core\2.9.9\jackson-core-2.9.9.jar;C:\Users\eferrando\.m2\repository\com\fasterxml\jackson\datatype\jackson-datatype-jdk8\2.9.9\jackson-datatype-jdk8-2.9.9.jar;C:\Users\eferrando\.m2\repository\com\fasterxml\jackson\datatype\jackson-datatype-jsr310\2.9.9\jackson-datatype-jsr310-2.9.9.jar;C:\Users\eferrando\.m2\repository\com\fasterxml\jackson\module\jackson-module-parameter-names\2.9.9\jackson-module-parameter-names-2.9.9.jar;C:\Users\eferrando\.m2\repository\org\springframework\boot\spring-boot-starter-tomcat\2.1.6.BUILD-SNAPSHOT\spring-boot-starter-tomcat-2.1.6.BUILD-SNAPSHOT.jar;C:\Users\eferrando\.m2\repository\org\apache\tomcat\embed\tomcat-embed-core\9.0.21\tomcat-embed-core-9.0.21.jar;C:\Users\eferrando\.m2\repository\org\apache\tomcat\embed\tomcat-embed-el\9.0.21\tomcat-embed-el-9.0.21.jar;C:\Users\eferrando\.m2\repository\org\apache\tomcat\embed\tomcat-embed-websocket\9.0.21\tomcat-embed-websocket-9.0.21.jar;C:\Users\eferrando\.m2\repository\org\springframework\boot\spring-boot-starter-validation\2.1.6.BUILD-SNAPSHOT\spring-boot-starter-validation-2.1.6.BUILD-SNAPSHOT.jar;C:\Users\eferrando\.m2\repository\org\springframework\spring-web\5.1.8.RELEASE\spring-web-5.1.8.RELEASE.jar;C:\Users\eferrando\.m2\repository\org\springframework\spring-beans\5.1.8.RELEASE\spring-beans-5.1.8.RELEASE.jar;C:\Users\eferrando\.m2\repository\org\glassfish\jersey\core\jersey-server\2.27\jersey-server-2.27.jar;C:\Users\eferrando\.m2\repository\org\glassfish\jersey\core\jersey-common\2.27\jersey-common-2.27.jar;C:\Users\eferrando\.m2\repository\org\glassfish\hk2\osgi-resource-locator\1.0.1\osgi-resource-locator-1.0.1.jar;C:\Users\eferrando\.m2\repository\org\glassfish\jersey\core\jersey-client\2.27\jersey-client-2.27.jar;C:\Users\eferrando\.m2\repository\javax\ws\rs\javax.ws.rs-api\2.1\javax.ws.rs-api-2.1.jar;C:\Users\eferrando\.m2\repository\org\glassfish\jersey\media\jersey-media-jaxb\2.27\jersey-media-jaxb-2.27.jar;C:\Users\eferrando\.m2\repository\javax\validation\validation-api\2.0.1.Final\validation-api-2.0.1.Final.jar;C:\Users\eferrando\.m2\repository\org\glassfish\jersey\containers\jersey-container-servlet-core\2.27\jersey-container-servlet-core-2.27.jar;C:\Users\eferrando\.m2\repository\org\glassfish\jersey\containers\jersey-container-servlet\2.27\jersey-container-servlet-2.27.jar;C:\Users\eferrando\.m2\repository\org\glassfish\jersey\ext\jersey-bean-validation\2.27\jersey-bean-validation-2.27.jar;C:\Users\eferrando\.m2\repository\org\glassfish\jersey\ext\jersey-spring4\2.27\jersey-spring4-2.27.jar;C:\Users\eferrando\.m2\repository\org\glassfish\jersey\inject\jersey-hk2\2.27\jersey-hk2-2.27.jar;C:\Users\eferrando\.m2\repository\org\glassfish\hk2\hk2-locator\2.5.0-b42\hk2-locator-2.5.0-b42.jar;C:\Users\eferrando\.m2\repository\org\glassfish\hk2\external\aopalliance-repackaged\2.5.0-b42\aopalliance-repackaged-2.5.0-b42.jar;C:\Users\eferrando\.m2\repository\org\javassist\javassist\3.22.0-CR2\javassist-3.22.0-CR2.jar;C:\Users\eferrando\.m2\repository\org\glassfish\hk2\hk2\2.5.0-b42\hk2-2.5.0-b42.jar;C:\Users\eferrando\.m2\repository\org\glassfish\hk2\hk2-utils\2.5.0-b42\hk2-utils-2.5.0-b42.jar;C:\Users\eferrando\.m2\repository\javax\inject\javax.inject\1\javax.inject-1.jar;C:\Users\eferrando\.m2\repository\org\glassfish\hk2\hk2-api\2.5.0-b42\hk2-api-2.5.0-b42.jar;C:\Users\eferrando\.m2\repository\org\glassfish\hk2\config-types\2.5.0-b42\config-types-2.5.0-b42.jar;C:\Users\eferrando\.m2\repository\org\glassfish\hk2\hk2-core\2.5.0-b42\hk2-core-2.5.0-b42.jar;C:\Users\eferrando\.m2\repository\org\glassfish\hk2\hk2-config\2.5.0-b42\hk2-config-2.5.0-b42.jar;C:\Users\eferrando\.m2\repository\org\glassfish\hk2\hk2-runlevel\2.5.0-b42\hk2-runlevel-2.5.0-b42.jar;C:\Users\eferrando\.m2\repository\org\glassfish\hk2\class-model\2.5.0-b42\class-model-2.5.0-b42.jar;C:\Users\eferrando\.m2\repository\org\glassfish\hk2\external\asm-all-repackaged\2.5.0-b42\asm-all-repackaged-2.5.0-b42.jar;C:\Users\eferrando\.m2\repository\org\glassfish\hk2\spring-bridge\2.5.0-b42\spring-bridge-2.5.0-b42.jar;C:\Users\eferrando\.m2\repository\org\springframework\spring-aop\5.1.8.RELEASE\spring-aop-5.1.8.RELEASE.jar;C:\Users\eferrando\.m2\repository\org\glassfish\jersey\media\jersey-media-json-jackson\2.27\jersey-media-json-jackson-2.27.jar;C:\Users\eferrando\.m2\repository\org\glassfish\jersey\ext\jersey-entity-filtering\2.27\jersey-entity-filtering-2.27.jar;C:\Users\eferrando\.m2\repository\com\fasterxml\jackson\core\jackson-annotations\2.9.0\jackson-annotations-2.9.0.jar;C:\Users\eferrando\.m2\repository\com\fasterxml\jackson\module\jackson-module-jaxb-annotations\2.9.9\jackson-module-jaxb-annotations-2.9.9.jar;C:\Users\eferrando\.m2\repository\javax\xml\bind\jaxb-api\2.3.1\jaxb-api-2.3.1.jar;C:\Users\eferrando\.m2\repository\javax\activation\javax.activation-api\1.2.0\javax.activation-api-1.2.0.jar;C:\Users\eferrando\.m2\repository\org\springframework\boot\spring-boot-starter-mustache\2.1.6.BUILD-SNAPSHOT\spring-boot-starter-mustache-2.1.6.BUILD-SNAPSHOT.jar;C:\Users\eferrando\.m2\repository\com\samskivert\jmustache\1.14\jmustache-1.14.jar;C:\Users\eferrando\.m2\repository\org\springframework\boot\spring-boot-starter-thymeleaf\2.1.6.BUILD-SNAPSHOT\spring-boot-starter-thymeleaf-2.1.6.BUILD-SNAPSHOT.jar;C:\Users\eferrando\.m2\repository\org\thymeleaf\thymeleaf-spring5\3.0.11.RELEASE\thymeleaf-spring5-3.0.11.RELEASE.jar;C:\Users\eferrando\.m2\repository\org\thymeleaf\thymeleaf\3.0.11.RELEASE\thymeleaf-3.0.11.RELEASE.jar;C:\Users\eferrando\.m2\repository\org\attoparser\attoparser\2.0.5.RELEASE\attoparser-2.0.5.RELEASE.jar;C:\Users\eferrando\.m2\repository\org\unbescape\unbescape\1.1.6.RELEASE\unbescape-1.1.6.RELEASE.jar;C:\Users\eferrando\.m2\repository\org\thymeleaf\extras\thymeleaf-extras-java8time\3.0.4.RELEASE\thymeleaf-extras-java8time-3.0.4.RELEASE.jar;C:\Users\eferrando\.m2\repository\org\springframework\boot\spring-boot-starter-web\2.1.6.BUILD-SNAPSHOT\spring-boot-starter-web-2.1.6.BUILD-SNAPSHOT.jar;C:\Users\eferrando\.m2\repository\org\hibernate\validator\hibernate-validator\6.0.17.Final\hibernate-validator-6.0.17.Final.jar;C:\Users\eferrando\.m2\repository\org\jboss\logging\jboss-logging\3.3.2.Final\jboss-logging-3.3.2.Final.jar;C:\Users\eferrando\.m2\repository\com\fasterxml\classmate\1.4.0\classmate-1.4.0.jar;C:\Users\eferrando\.m2\repository\org\springframework\spring-webmvc\5.1.8.RELEASE\spring-webmvc-5.1.8.RELEASE.jar;C:\Users\eferrando\.m2\repository\org\springframework\spring-expression\5.1.8.RELEASE\spring-expression-5.1.8.RELEASE.jar;C:\Users\eferrando\.m2\repository\org\springframework\boot\spring-boot-devtools\2.1.6.BUILD-SNAPSHOT\spring-boot-devtools-2.1.6.BUILD-SNAPSHOT.jar;C:\Users\eferrando\.m2\repository\org\springframework\boot\spring-boot\2.1.6.BUILD-SNAPSHOT\spring-boot-2.1.6.BUILD-SNAPSHOT.jar;C:\Users\eferrando\.m2\repository\org\springframework\boot\spring-boot-autoconfigure\2.1.6.BUILD-SNAPSHOT\spring-boot-autoconfigure-2.1.6.BUILD-SNAPSHOT.jar;C:\Users\eferrando\.m2\repository\org\springframework\boot\spring-boot-starter-test\2.1.6.BUILD-SNAPSHOT\spring-boot-starter-test-2.1.6.BUILD-SNAPSHOT.jar;C:\Users\eferrando\.m2\repository\org\springframework\boot\spring-boot-test\2.1.6.BUILD-SNAPSHOT\spring-boot-test-2.1.6.BUILD-SNAPSHOT.jar;C:\Users\eferrando\.m2\repository\org\springframework\boot\spring-boot-test-autoconfigure\2.1.6.BUILD-SNAPSHOT\spring-boot-test-autoconfigure-2.1.6.BUILD-SNAPSHOT.jar;C:\Users\eferrando\.m2\repository\com\jayway\jsonpath\json-path\2.4.0\json-path-2.4.0.jar;C:\Users\eferrando\.m2\repository\net\minidev\json-smart\2.3\json-smart-2.3.jar;C:\Users\eferrando\.m2\repository\net\minidev\accessors-smart\1.2\accessors-smart-1.2.jar;C:\Users\eferrando\.m2\repository\org\ow2\asm\asm\5.0.4\asm-5.0.4.jar;C:\Users\eferrando\.m2\repository\junit\junit\4.12\junit-4.12.jar;C:\Users\eferrando\.m2\repository\org\assertj\assertj-core\3.11.1\assertj-core-3.11.1.jar;C:\Users\eferrando\.m2\repository\org\mockito\mockito-core\2.23.4\mockito-core-2.23.4.jar;C:\Users\eferrando\.m2\repository\net\bytebuddy\byte-buddy\1.9.13\byte-buddy-1.9.13.jar;C:\Users\eferrando\.m2\repository\net\bytebuddy\byte-buddy-agent\1.9.13\byte-buddy-agent-1.9.13.jar;C:\Users\eferrando\.m2\repository\org\objenesis\objenesis\2.6\objenesis-2.6.jar;C:\Users\eferrando\.m2\repository\org\hamcrest\hamcrest-core\1.3\hamcrest-core-1.3.jar;C:\Users\eferrando\.m2\repository\org\hamcrest\hamcrest-library\1.3\hamcrest-library-1.3.jar;C:\Users\eferrando\.m2\repository\org\skyscreamer\jsonassert\1.5.0\jsonassert-1.5.0.jar;C:\Users\eferrando\.m2\repository\com\vaadin\external\google\android-json\0.0.20131108.vaadin1\android-json-0.0.20131108.vaadin1.jar;C:\Users\eferrando\.m2\repository\org\springframework\spring-core\5.1.8.RELEASE\spring-core-5.1.8.RELEASE.jar;C:\Users\eferrando\.m2\repository\org\springframework\spring-jcl\5.1.8.RELEASE\spring-jcl-5.1.8.RELEASE.jar;C:\Users\eferrando\.m2\repository\org\springframework\spring-test\5.1.8.RELEASE\spring-test-5.1.8.RELEASE.jar;C:\Users\eferrando\.m2\repository\org\xmlunit\xmlunit-core\2.6.2\xmlunit-core-2.6.2.jar;C:\Users\eferrando\.m2\repository\org\json\json\20180813\json-20180813.jar;C:\Users\eferrando\.m2\repository\com\squareup\okhttp3\okhttp\4.0.0-alpha02\okhttp-4.0.0-alpha02.jar;C:\Users\eferrando\.m2\repository\com\squareup\okio\okio\2.2.2\okio-2.2.2.jar;C:\Users\eferrando\.m2\repository\org\jetbrains\kotlin\kotlin-stdlib\1.2.71\kotlin-stdlib-1.2.71.jar;C:\Users\eferrando\.m2\repository\org\jetbrains\kotlin\kotlin-stdlib-common\1.2.71\kotlin-stdlib-common-1.2.71.jar;C:\Users\eferrando\.m2\repository\org\jetbrains\annotations\13.0\annotations-13.0.jar;C:\Users\eferrando\.m2\repository\com\google\code\gson\gson\2.8.5\gson-2.8.5.jar;"/>
    <property name="sun.cpu.endian" value="little"/>
    <property name="user.home" value="C:\Users\eferrando"/>
    <property name="user.language" value="es"/>
    <property name="java.specification.vendor" value="Oracle Corporation"/>
    <property name="java.home" value="C:\Program Files\Java\jdk1.8.0_181\jre"/>
    <property name="basedir" value="c:\Users\eferrando\Documents\VSCWorkspaces\gestionsede"/>
    <property name="file.separator" value="\"/>
    <property name="line.separator" value="&#10;"/>
    <property name="java.vm.specification.vendor" value="Oracle Corporation"/>
    <property name="java.specification.name" value="Java Platform API Specification"/>
    <property name="java.awt.graphicsenv" value="sun.awt.Win32GraphicsEnvironment"/>
    <property name="surefire.real.class.path" value="C:\Users\EFERRA~1\AppData\Local\Temp\surefire910800874811361897\surefirebooter5217586592174772217.jar"/>
    <property name="sun.boot.class.path" value="C:\Program Files\Java\jdk1.8.0_181\jre\lib\resources.jar;C:\Program Files\Java\jdk1.8.0_181\jre\lib\rt.jar;C:\Program Files\Java\jdk1.8.0_181\jre\lib\sunrsasign.jar;C:\Program Files\Java\jdk1.8.0_181\jre\lib\jsse.jar;C:\Program Files\Java\jdk1.8.0_181\jre\lib\jce.jar;C:\Program Files\Java\jdk1.8.0_181\jre\lib\charsets.jar;C:\Program Files\Java\jdk1.8.0_181\jre\lib\jfr.jar;C:\Program Files\Java\jdk1.8.0_181\jre\classes"/>
    <property name="user.script" value=""/>
    <property name="sun.management.compiler" value="HotSpot 64-Bit Tiered Compilers"/>
    <property name="java.runtime.version" value="1.8.0_181-b13"/>
    <property name="user.name" value="eferrando"/>
    <property name="path.separator" value=";"/>
    <property name="os.version" value="10.0"/>
    <property name="java.endorsed.dirs" value="C:\Program Files\Java\jdk1.8.0_181\jre\lib\endorsed"/>
    <property name="java.runtime.name" value="Java(TM) SE Runtime Environment"/>
    <property name="file.encoding" value="Cp1252"/>
    <property name="java.vm.name" value="Java HotSpot(TM) 64-Bit Server VM"/>
    <property name="localRepository" value="C:\Users\eferrando\.m2\repository"/>
    <property name="java.vendor.url.bug" value="http://bugreport.sun.com/bugreport/"/>
    <property name="java.io.tmpdir" value="C:\Users\EFERRA~1\AppData\Local\Temp\"/>
    <property name="java.version" value="1.8.0_181"/>
    <property name="user.dir" value="c:\Users\eferrando\Documents\VSCWorkspaces\gestionsede"/>
    <property name="os.arch" value="amd64"/>
    <property name="java.vm.specification.name" value="Java Virtual Machine Specification"/>
    <property name="java.awt.printerjob" value="sun.awt.windows.WPrinterJob"/>
    <property name="sun.os.patch.level" value=""/>
    <property name="java.library.path" value="C:\Program Files\Java\jdk1.8.0_181\jre\bin;C:\WINDOWS\Sun\Java\bin;C:\WINDOWS\system32;C:\WINDOWS;C:\wamp64\bin\php\php7.2.4;C:\Program Files\Microsoft VS Code\bin;C:\Program Files\TortoiseSVN\bin;C:\Program Files\PuTTY\;C:\Program Files\Git\cmd;C:\Program Files\Java\jdk1.8.0_181\bin;C:\apache-maven-3.6.0\bin;C:\Program Files\Intel\WiFi\bin\;C:\Program Files\Common Files\Intel\WirelessCommon\;C:\Program Files (x86)\Intel\Intel(R) Management Engine Components\DAL;C:\Program Files\Intel\Intel(R) Management Engine Components\DAL;C:\Program Files\Java\jdk1.8.0_181\bin;C:\Users\eferrando\AppData\Local\Microsoft\WindowsApps;C:\Program Files\Microsoft VS Code\bin;C:\Users\eferrando\AppData\Local\Programs\Fiddler;."/>
    <property name="java.vm.info" value="mixed mode"/>
    <property name="java.vendor" value="Oracle Corporation"/>
    <property name="java.vm.version" value="25.181-b13"/>
    <property name="java.ext.dirs" value="C:\Program Files\Java\jdk1.8.0_181\jre\lib\ext;C:\WINDOWS\Sun\Java\lib\ext"/>
    <property name="sun.io.unicode.encoding" value="UnicodeLittle"/>
    <property name="java.class.version" value="52.0"/>
  </properties>
  <testcase name="contextLoads" classname="alfatecsistemas.tdgov.gestionsede.DemoApplicationTests" time="0.418"/>
</testsuite>